#
# There is insufficient memory for the Java Runtime Environment to continue.
# Native memory allocation (malloc) failed to allocate 77312 bytes for Chunk::new
# Possible reasons:
#   The system is out of physical RAM or swap space
#   In 32 bit mode, the process size limit was hit
# Possible solutions:
#   Reduce memory load on the system
#   Increase physical memory or swap space
#   Check if swap backing store is full
#   Use 64 bit Java on a 64 bit OS
#   Decrease Java heap size (-Xmx/-Xms)
#   Decrease number of Java threads
#   Decrease Java thread stack sizes (-Xss)
#   Set larger code cache with -XX:ReservedCodeCacheSize=
# This output file may be truncated or incomplete.
#
#  Out of Memory Error (allocation.cpp:390), pid=15272, tid=0x0000000000002904
#
# JRE version: OpenJDK Runtime Environment (8.0_152-b01) (build 1.8.0_152-release-1343-b01)
# Java VM: OpenJDK 64-Bit Server VM (25.152-b01 mixed mode windows-amd64 compressed oops)
# Failed to write core dump. Minidumps are not enabled by default on client versions of Windows
#

---------------  T H R E A D  ---------------

Current thread (0x00000000180c2000):  JavaThread "C2 CompilerThread1" daemon [_thread_in_native, id=10500, stack(0x00000000189b0000,0x0000000018ab0000)]

Stack: [0x00000000189b0000,0x0000000018ab0000]
[error occurred during error reporting (printing stack bounds), id 0xc0000005]

Native frames: (J=compiled Java code, j=interpreted, Vv=VM code, C=native code)


Current CompileTask:
C2:   1874 1304       4       java.net.URLClassLoader$1::run (5 bytes)


---------------  P R O C E S S  ---------------

Java Threads: ( => current thread )
  0x000000001a482000 JavaThread "File lock request listener" [_thread_in_native, id=16776, stack(0x000000001bb20000,0x000000001bc20000)]
  0x000000001a177000 JavaThread "Cache worker for file hash cache (C:\Users\Usuario\.gradle\caches\4.6\fileHashes)" [_thread_blocked, id=3876, stack(0x000000001ba20000,0x000000001bb20000)]
  0x0000000019e6a000 JavaThread "Stdin handler" [_thread_blocked, id=10452, stack(0x000000001b620000,0x000000001b720000)]
  0x0000000019e94800 JavaThread "Asynchronous log dispatcher for DefaultDaemonConnection: socket connection from /127.0.0.1:61753 to /127.0.0.1:61754" [_thread_blocked, id=14944, stack(0x000000001b520000,0x000000001b620000)]
  0x0000000019dd1000 JavaThread "Daemon worker" [_thread_in_native, id=11596, stack(0x000000001b420000,0x000000001b520000)]
  0x0000000019dcf800 JavaThread "Cancel handler" [_thread_blocked, id=8332, stack(0x000000001b320000,0x000000001b420000)]
  0x0000000019dc4800 JavaThread "Handler for socket connection from /127.0.0.1:61753 to /127.0.0.1:61754" [_thread_in_native, id=1188, stack(0x000000001b020000,0x000000001b120000)]
  0x0000000019dc3800 JavaThread "Daemon" [_thread_blocked, id=9680, stack(0x000000001af20000,0x000000001b020000)]
  0x000000001a079800 JavaThread "Daemon periodic checks" [_thread_blocked, id=8204, stack(0x000000001ae20000,0x000000001af20000)]
  0x000000001a08f800 JavaThread "Incoming local TCP Connector on port 61753" [_thread_in_native, id=7180, stack(0x000000001abc0000,0x000000001acc0000)]
  0x000000001814c800 JavaThread "Service Thread" daemon [_thread_blocked, id=2504, stack(0x0000000018cb0000,0x0000000018db0000)]
  0x00000000180cf000 JavaThread "C1 CompilerThread3" daemon [_thread_blocked, id=6784, stack(0x0000000018bb0000,0x0000000018cb0000)]
  0x00000000161b8000 JavaThread "C2 CompilerThread2" daemon [_thread_blocked, id=8968, stack(0x0000000018ab0000,0x0000000018bb0000)]
=>0x00000000180c2000 JavaThread "C2 CompilerThread1" daemon [_thread_in_native, id=10500, stack(0x00000000189b0000,0x0000000018ab0000)]
  0x00000000180be000 JavaThread "C2 CompilerThread0" daemon [_thread_blocked, id=15240, stack(0x00000000188b0000,0x00000000189b0000)]
  0x00000000180bd000 JavaThread "Attach Listener" daemon [_thread_blocked, id=4616, stack(0x00000000187b0000,0x00000000188b0000)]
  0x00000000180c6800 JavaThread "Signal Dispatcher" daemon [_thread_blocked, id=1552, stack(0x00000000186b0000,0x00000000187b0000)]
  0x00000000180b0800 JavaThread "Finalizer" daemon [_thread_blocked, id=11168, stack(0x0000000018490000,0x0000000018590000)]
  0x0000000002306000 JavaThread "Reference Handler" daemon [_thread_blocked, id=14516, stack(0x0000000017f90000,0x0000000018090000)]
  0x00000000023ee000 JavaThread "main" [_thread_blocked, id=15580, stack(0x00000000020e0000,0x00000000021e0000)]

Other Threads:
  0x00000000161a6800 VMThread [stack: 0x0000000017e90000,0x0000000017f90000] [id=8276]
  0x000000001814d000 WatcherThread [stack: 0x0000000018db0000,0x0000000018eb0000] [id=16580]

VM state:not at safepoint (normal execution)

VM Mutex/Monitor currently owned by a thread: None

Heap:
 PSYoungGen      total 57344K, used 12479K [0x00000000e0000000, 0x00000000e4000000, 0x0000000100000000)
  eden space 49152K, 8% used [0x00000000e0000000,0x00000000e0435c28,0x00000000e3000000)
  from space 8192K, 99% used [0x00000000e3800000,0x00000000e3ffa068,0x00000000e4000000)
  to   space 8192K, 0% used [0x00000000e3000000,0x00000000e3000000,0x00000000e3800000)
 ParOldGen       total 131072K, used 74K [0x00000000a0000000, 0x00000000a8000000, 0x00000000e0000000)
  object space 131072K, 0% used [0x00000000a0000000,0x00000000a0012838,0x00000000a8000000)
 Metaspace       used 14221K, capacity 14580K, committed 14720K, reserved 1062912K
  class space    used 1998K, capacity 2126K, committed 2176K, reserved 1048576K

Card table byte_map: [0x00000000117b0000,0x0000000011ac0000] byte_map_base: 0x00000000112b0000

Marking Bits: (ParMarkBitMap*) 0x000000006d675aa0
 Begin Bits: [0x00000000124c0000, 0x0000000013cc0000)
 End Bits:   [0x0000000013cc0000, 0x00000000154c0000)

Polling page: 0x00000000021f0000

CodeCache: size=245760Kb used=4584Kb max_used=4584Kb free=241175Kb
 bounds [0x00000000023f0000, 0x0000000002870000, 0x00000000113f0000]
 total_blobs=1673 nmethods=1306 adapters=281
 compilation: enabled

Compilation events (10 events):
Event: 1.829 Thread 0x00000000180cf000 nmethod 1303 0x0000000002869190 code [0x00000000028692e0, 0x0000000002869410]
Event: 1.830 Thread 0x00000000180c2000 1304       4       java.net.URLClassLoader$1::run (5 bytes)
Event: 1.861 Thread 0x00000000180cf000 1306       3       sun.reflect.ReflectionFactory::copyField (10 bytes)
Event: 1.862 Thread 0x00000000180cf000 nmethod 1306 0x0000000002867cd0 code [0x0000000002867e60, 0x0000000002868248]
Event: 1.862 Thread 0x00000000180cf000 1307       3       java.lang.reflect.ReflectAccess::copyField (5 bytes)
Event: 1.862 Thread 0x00000000180cf000 nmethod 1307 0x0000000002867890 code [0x0000000002867a00, 0x0000000002867c08]
Event: 1.862 Thread 0x00000000180cf000 1308       3       java.lang.reflect.Field::copy (76 bytes)
Event: 1.862 Thread 0x00000000180cf000 nmethod 1308 0x0000000002867290 code [0x0000000002867420, 0x0000000002867778]
Event: 1.862 Thread 0x00000000180cf000 1309       3       java.lang.reflect.Field::<init> (44 bytes)
Event: 1.862 Thread 0x00000000180cf000 nmethod 1309 0x000000000286c110 code [0x000000000286c280, 0x000000000286c510]

GC Heap History (4 events):
Event: 0.834 GC heap before
{Heap before GC invocations=1 (full 0):
 PSYoungGen      total 57344K, used 49152K [0x00000000e0000000, 0x00000000e4000000, 0x0000000100000000)
  eden space 49152K, 100% used [0x00000000e0000000,0x00000000e3000000,0x00000000e3000000)
  from space 8192K, 0% used [0x00000000e3800000,0x00000000e3800000,0x00000000e4000000)
  to   space 8192K, 0% used [0x00000000e3000000,0x00000000e3000000,0x00000000e3800000)
 ParOldGen       total 131072K, used 0K [0x00000000a0000000, 0x00000000a8000000, 0x00000000e0000000)
  object space 131072K, 0% used [0x00000000a0000000,0x00000000a0000000,0x00000000a8000000)
 Metaspace       used 7189K, capacity 7372K, committed 7680K, reserved 1056768K
  class space    used 892K, capacity 952K, committed 1024K, reserved 1048576K
Event: 0.839 GC heap after
Heap after GC invocations=1 (full 0):
 PSYoungGen      total 57344K, used 5491K [0x00000000e0000000, 0x00000000e4000000, 0x0000000100000000)
  eden space 49152K, 0% used [0x00000000e0000000,0x00000000e0000000,0x00000000e3000000)
  from space 8192K, 67% used [0x00000000e3000000,0x00000000e355cf20,0x00000000e3800000)
  to   space 8192K, 0% used [0x00000000e3800000,0x00000000e3800000,0x00000000e4000000)
 ParOldGen       total 131072K, used 16K [0x00000000a0000000, 0x00000000a8000000, 0x00000000e0000000)
  object space 131072K, 0% used [0x00000000a0000000,0x00000000a0004000,0x00000000a8000000)
 Metaspace       used 7189K, capacity 7372K, committed 7680K, reserved 1056768K
  class space    used 892K, capacity 952K, committed 1024K, reserved 1048576K
}
Event: 1.832 GC heap before
{Heap before GC invocations=2 (full 0):
 PSYoungGen      total 57344K, used 54643K [0x00000000e0000000, 0x00000000e4000000, 0x0000000100000000)
  eden space 49152K, 100% used [0x00000000e0000000,0x00000000e3000000,0x00000000e3000000)
  from space 8192K, 67% used [0x00000000e3000000,0x00000000e355cf20,0x00000000e3800000)
  to   space 8192K, 0% used [0x00000000e3800000,0x00000000e3800000,0x00000000e4000000)
 ParOldGen       total 131072K, used 16K [0x00000000a0000000, 0x00000000a8000000, 0x00000000e0000000)
  object space 131072K, 0% used [0x00000000a0000000,0x00000000a0004000,0x00000000a8000000)
 Metaspace       used 13892K, capacity 14260K, committed 14464K, reserved 1060864K
  class space    used 1942K, capacity 2062K, committed 2176K, reserved 1048576K
Event: 1.840 GC heap after
Heap after GC invocations=2 (full 0):
 PSYoungGen      total 57344K, used 8168K [0x00000000e0000000, 0x00000000e4000000, 0x0000000100000000)
  eden space 49152K, 0% used [0x00000000e0000000,0x00000000e0000000,0x00000000e3000000)
  from space 8192K, 99% used [0x00000000e3800000,0x00000000e3ffa068,0x00000000e4000000)
  to   space 8192K, 0% used [0x00000000e3000000,0x00000000e3000000,0x00000000e3800000)
 ParOldGen       total 131072K, used 74K [0x00000000a0000000, 0x00000000a8000000, 0x00000000e0000000)
  object space 131072K, 0% used [0x00000000a0000000,0x00000000a0012838,0x00000000a8000000)
 Metaspace       used 13892K, capacity 14260K, committed 14464K, reserved 1060864K
  class space    used 1942K, capacity 2062K, committed 2176K, reserved 1048576K
}

Deoptimization events (10 events):
Event: 0.987 Thread 0x00000000023ee000 Uncommon trap: reason=bimorphic action=maybe_recompile pc=0x0000000002725744 method=java.util.HashMap.putVal(ILjava/lang/Object;Ljava/lang/Object;ZZ)Ljava/lang/Object; @ 203
Event: 1.125 Thread 0x00000000023ee000 Uncommon trap: reason=unstable_if action=reinterpret pc=0x000000000269add8 method=java.io.WinNTFileSystem.normalize(Ljava/lang/String;)Ljava/lang/String; @ 128
Event: 1.125 Thread 0x00000000023ee000 Uncommon trap: reason=unstable_if action=reinterpret pc=0x0000000002709b68 method=java.io.WinNTFileSystem.normalize(Ljava/lang/String;II)Ljava/lang/String; @ 90
Event: 1.546 Thread 0x0000000019dc4800 Uncommon trap: reason=unstable_if action=reinterpret pc=0x00000000027d9670 method=java.util.concurrent.ConcurrentHashMap.putVal(Ljava/lang/Object;Ljava/lang/Object;Z)Ljava/lang/Object; @ 206
Event: 1.591 Thread 0x0000000019dd1000 Uncommon trap: reason=bimorphic action=maybe_recompile pc=0x00000000027251d4 method=java.util.HashMap.putVal(ILjava/lang/Object;Ljava/lang/Object;ZZ)Ljava/lang/Object; @ 253
Event: 1.591 Thread 0x0000000019dd1000 Uncommon trap: reason=bimorphic action=maybe_recompile pc=0x00000000027251d4 method=java.util.HashMap.putVal(ILjava/lang/Object;Ljava/lang/Object;ZZ)Ljava/lang/Object; @ 253
Event: 1.591 Thread 0x0000000019dd1000 Uncommon trap: reason=bimorphic action=maybe_recompile pc=0x000000000272bba0 method=java.util.HashMap.putVal(ILjava/lang/Object;Ljava/lang/Object;ZZ)Ljava/lang/Object; @ 253
Event: 1.787 Thread 0x0000000019dd1000 Uncommon trap: reason=class_check action=maybe_recompile pc=0x0000000002693204 method=java.util.regex.Matcher.match(II)Z @ 86
Event: 1.787 Thread 0x0000000019dd1000 Uncommon trap: reason=class_check action=maybe_recompile pc=0x0000000002693204 method=java.util.regex.Matcher.match(II)Z @ 86
Event: 1.841 Thread 0x0000000019dd1000 Uncommon trap: reason=class_check action=maybe_recompile pc=0x000000000265c61c method=java.util.regex.Matcher.match(II)Z @ 86

Classes redefined (0 events):
No events

Internal exceptions (10 events):
Event: 1.558 Thread 0x0000000019dc4800 Exception <a 'java/lang/NoSuchMethodError': <clinit>> (0x00000000e15123d0) thrown at [D:\src\AOSP-openjdk-cygwin\jdk8u\hotspot\src\share\vm\prims\jni.cpp, line 1613]
Event: 1.559 Thread 0x0000000019dc4800 Exception <a 'java/lang/NoSuchMethodError': <clinit>> (0x00000000e151ae98) thrown at [D:\src\AOSP-openjdk-cygwin\jdk8u\hotspot\src\share\vm\prims\jni.cpp, line 1613]
Event: 1.559 Thread 0x0000000019dc4800 Exception <a 'java/lang/NoSuchMethodError': <clinit>> (0x00000000e152c540) thrown at [D:\src\AOSP-openjdk-cygwin\jdk8u\hotspot\src\share\vm\prims\jni.cpp, line 1613]
Event: 1.567 Thread 0x0000000019dc4800 Exception <a 'java/lang/NoSuchMethodError': <clinit>> (0x00000000e15a1d08) thrown at [D:\src\AOSP-openjdk-cygwin\jdk8u\hotspot\src\share\vm\prims\jni.cpp, line 1613]
Event: 1.569 Thread 0x0000000019dc4800 Exception <a 'java/lang/NoSuchMethodError': <clinit>> (0x00000000e15c74d8) thrown at [D:\src\AOSP-openjdk-cygwin\jdk8u\hotspot\src\share\vm\prims\jni.cpp, line 1613]
Event: 1.571 Thread 0x0000000019dc4800 Exception <a 'java/lang/NoSuchMethodError': <clinit>> (0x00000000e15e1a90) thrown at [D:\src\AOSP-openjdk-cygwin\jdk8u\hotspot\src\share\vm\prims\jni.cpp, line 1613]
Event: 1.572 Thread 0x0000000019dc4800 Exception <a 'java/lang/NoSuchMethodError': <clinit>> (0x00000000e15ed510) thrown at [D:\src\AOSP-openjdk-cygwin\jdk8u\hotspot\src\share\vm\prims\jni.cpp, line 1613]
Event: 1.574 Thread 0x0000000019dc4800 Exception <a 'java/lang/NoSuchMethodError': <clinit>> (0x00000000e160fe80) thrown at [D:\src\AOSP-openjdk-cygwin\jdk8u\hotspot\src\share\vm\prims\jni.cpp, line 1613]
Event: 1.584 Thread 0x0000000019dd1000 Exception <a 'java/lang/NoSuchMethodError': <clinit>> (0x00000000e16bde88) thrown at [D:\src\AOSP-openjdk-cygwin\jdk8u\hotspot\src\share\vm\prims\jni.cpp, line 1613]
Event: 1.584 Thread 0x0000000019dd1000 Exception <a 'java/lang/NoSuchMethodError': <clinit>> (0x00000000e16c6110) thrown at [D:\src\AOSP-openjdk-cygwin\jdk8u\hotspot\src\share\vm\prims\jni.cpp, line 1613]

Events (10 events):
Event: 1.871 loading class org/gradle/cache/internal/ProducerGuard$AdaptiveProducerGuard
Event: 1.871 loading class org/gradle/cache/internal/ProducerGuard$AdaptiveProducerGuard done
Event: 1.871 loading class org/gradle/cache/internal/ProducerGuard$SerialProducerGuard
Event: 1.871 loading class org/gradle/cache/internal/ProducerGuard$SerialProducerGuard done
Event: 1.872 loading class org/gradle/cache/internal/ProducerGuard$StripedProducerGuard
Event: 1.872 loading class org/gradle/cache/internal/ProducerGuard$StripedProducerGuard done
Event: 1.872 loading class com/google/common/util/concurrent/Striped
Event: 1.872 loading class com/google/common/util/concurrent/Striped done
Event: 1.873 loading class com/google/common/util/concurrent/Striped$CompactStriped
Event: 1.873 loading class com/google/common/util/concurrent/Striped$CompactStriped done


Dynamic libraries:
0x00007ff656880000 - 0x00007ff6568b1000 	C:\Program Files\Android\Android Studio\jre\bin\java.exe
0x00007ffd9dd00000 - 0x00007ffd9dee1000 	C:\WINDOWS\SYSTEM32\ntdll.dll
0x00007ffd9dc10000 - 0x00007ffd9dcc1000 	C:\WINDOWS\System32\KERNEL32.DLL
0x00007ffd9a840000 - 0x00007ffd9aab3000 	C:\WINDOWS\System32\KERNELBASE.dll
0x00007ffd97ff0000 - 0x00007ffd9807b000 	C:\WINDOWS\SYSTEM32\apphelp.dll
0x00007ffd9c910000 - 0x00007ffd9c9b1000 	C:\WINDOWS\System32\ADVAPI32.dll
0x00007ffd9c7d0000 - 0x00007ffd9c86e000 	C:\WINDOWS\System32\msvcrt.dll
0x00007ffd9c630000 - 0x00007ffd9c68b000 	C:\WINDOWS\System32\sechost.dll
0x00007ffd9d700000 - 0x00007ffd9d824000 	C:\WINDOWS\System32\RPCRT4.dll
0x00007ffd9d010000 - 0x00007ffd9d1a0000 	C:\WINDOWS\System32\USER32.dll
0x00007ffd9aac0000 - 0x00007ffd9aae0000 	C:\WINDOWS\System32\win32u.dll
0x00007ffd9b1a0000 - 0x00007ffd9b1c8000 	C:\WINDOWS\System32\GDI32.dll
0x00007ffd9ab30000 - 0x00007ffd9acc1000 	C:\WINDOWS\System32\gdi32full.dll
0x00007ffd9b0f0000 - 0x00007ffd9b18f000 	C:\WINDOWS\System32\msvcp_win.dll
0x00007ffd9acd0000 - 0x00007ffd9adc8000 	C:\WINDOWS\System32\ucrtbase.dll
0x00007ffd8ccd0000 - 0x00007ffd8cf39000 	C:\WINDOWS\WinSxS\amd64_microsoft.windows.common-controls_6595b64144ccf1df_6.0.17134.829_none_fb46a5473061b9d5\COMCTL32.dll
0x00007ffd9d3d0000 - 0x00007ffd9d6f2000 	C:\WINDOWS\System32\combase.dll
0x00007ffd9ae80000 - 0x00007ffd9aefa000 	C:\WINDOWS\System32\bcryptPrimitives.dll
0x00007ffd9c9c0000 - 0x00007ffd9c9ed000 	C:\WINDOWS\System32\IMM32.DLL
0x000000006a500000 - 0x000000006a5d2000 	C:\Program Files\Android\Android Studio\jre\jre\bin\msvcr100.dll
0x000000006ceb0000 - 0x000000006d6f1000 	C:\Program Files\Android\Android Studio\jre\jre\bin\server\jvm.dll
0x00007ffd9da60000 - 0x00007ffd9da68000 	C:\WINDOWS\System32\PSAPI.DLL
0x00007ffd91860000 - 0x00007ffd91883000 	C:\WINDOWS\SYSTEM32\WINMM.dll
0x00007ffd98400000 - 0x00007ffd98409000 	C:\WINDOWS\SYSTEM32\WSOCK32.dll
0x00007ffd96500000 - 0x00007ffd9650a000 	C:\WINDOWS\SYSTEM32\VERSION.dll
0x00007ffd9d1a0000 - 0x00007ffd9d20c000 	C:\WINDOWS\System32\WS2_32.dll
0x00007ffd91650000 - 0x00007ffd9167a000 	C:\WINDOWS\SYSTEM32\WINMMBASE.dll
0x00007ffd9aae0000 - 0x00007ffd9ab29000 	C:\WINDOWS\System32\cfgmgr32.dll
0x00007ffd95e70000 - 0x00007ffd95e7f000 	C:\Program Files\Android\Android Studio\jre\jre\bin\verify.dll
0x00007ffd93db0000 - 0x00007ffd93dd9000 	C:\Program Files\Android\Android Studio\jre\jre\bin\java.dll
0x00007ffd93d90000 - 0x00007ffd93da6000 	C:\Program Files\Android\Android Studio\jre\jre\bin\zip.dll
0x00007ffd9b1d0000 - 0x00007ffd9c610000 	C:\WINDOWS\System32\SHELL32.dll
0x00007ffd9d9b0000 - 0x00007ffd9da59000 	C:\WINDOWS\System32\shcore.dll
0x00007ffd9a130000 - 0x00007ffd9a83d000 	C:\WINDOWS\System32\windows.storage.dll
0x00007ffd9d210000 - 0x00007ffd9d261000 	C:\WINDOWS\System32\shlwapi.dll
0x00007ffd9a070000 - 0x00007ffd9a081000 	C:\WINDOWS\System32\kernel.appcore.dll
0x00007ffd9a0b0000 - 0x00007ffd9a0cf000 	C:\WINDOWS\System32\profapi.dll
0x00007ffd9a010000 - 0x00007ffd9a05c000 	C:\WINDOWS\System32\powrprof.dll
0x00007ffd9a060000 - 0x00007ffd9a06a000 	C:\WINDOWS\System32\FLTLIB.DLL
0x00007ffd93d70000 - 0x00007ffd93d8a000 	C:\Program Files\Android\Android Studio\jre\jre\bin\net.dll
0x00007ffd99890000 - 0x00007ffd998f6000 	C:\WINDOWS\system32\mswsock.dll
0x00007ffd93d50000 - 0x00007ffd93d61000 	C:\Program Files\Android\Android Studio\jre\jre\bin\nio.dll
0x00007ffd86370000 - 0x00007ffd8638e000 	C:\Users\Usuario\.gradle\native\25\windows-amd64\native-platform.dll
0x00007ffd94630000 - 0x00007ffd9463d000 	C:\Program Files\Android\Android Studio\jre\jre\bin\management.dll
0x00007ffd99a50000 - 0x00007ffd99a67000 	C:\WINDOWS\SYSTEM32\CRYPTSP.dll
0x00007ffd99480000 - 0x00007ffd994b3000 	C:\WINDOWS\system32\rsaenh.dll
0x00007ffd99b70000 - 0x00007ffd99b95000 	C:\WINDOWS\SYSTEM32\bcrypt.dll
0x00007ffd99f10000 - 0x00007ffd99f38000 	C:\WINDOWS\SYSTEM32\USERENV.dll
0x00007ffd99a40000 - 0x00007ffd99a4b000 	C:\WINDOWS\SYSTEM32\CRYPTBASE.dll
0x00007ffd99620000 - 0x00007ffd99658000 	C:\WINDOWS\SYSTEM32\IPHLPAPI.DLL
0x00007ffd9c760000 - 0x00007ffd9c768000 	C:\WINDOWS\System32\NSI.dll
0x00007ffd93f70000 - 0x00007ffd93f86000 	C:\WINDOWS\SYSTEM32\dhcpcsvc6.DLL
0x00007ffd93e40000 - 0x00007ffd93e5a000 	C:\WINDOWS\SYSTEM32\dhcpcsvc.DLL

VM Arguments:
jvm_args: -Xmx1536m -Dfile.encoding=windows-1252 -Duser.country=ES -Duser.language=es -Duser.variant 
java_command: org.gradle.launcher.daemon.bootstrap.GradleDaemon 4.6
java_class_path (initial): C:\Users\Usuario\.gradle\wrapper\dists\gradle-4.6-all\bcst21l2brirad8k2ben1letg\gradle-4.6\lib\gradle-launcher-4.6.jar
Launcher Type: SUN_STANDARD

Environment Variables:
JAVA_HOME=C:\Program Files\Java\jdk1.8.0_112
PATH=C:\ProgramData\Oracle\Java\javapath;C:\Program Files\Java\jdk1.8.0_112\bin;C:\Program Files (x86)\Intel\iCLS Client\;C:\Program Files\Intel\iCLS Client\;C:\Windows\system32;C:\Windows;C:\Windows\System32\Wbem;C:\Windows\System32\WindowsPowerShell\v1.0\;C:\Program Files (x86)\NVIDIA Corporation\PhysX\Common;C:\Program Files (x86)\Intel\Intel(R) Management Engine Components\DAL;C:\Program Files\Intel\Intel(R) Management Engine Components\DAL;C:\Program Files (x86)\Intel\Intel(R) Management Engine Components\IPT;C:\Program Files\Intel\Intel(R) Management Engine Components\IPT;C:\WINDOWS\system32;C:\WINDOWS;C:\WINDOWS\System32\Wbem;C:\WINDOWS\System32\WindowsPowerShell\v1.0\;C:\Program Files\Git\cmd;C:\WINDOWS\System32\OpenSSH\;C:\Users\Usuario\AppData\Local\Microsoft\WindowsApps
USERNAME=Usuario
OS=Windows_NT
PROCESSOR_IDENTIFIER=Intel64 Family 6 Model 94 Stepping 3, GenuineIntel



---------------  S Y S T E M  ---------------

OS: Windows 10.0 , 64 bit Build 17134 (10.0.17134.753)

CPU:total 8 (initial active 8) (4 cores per cpu, 2 threads per core) family 6 model 94 stepping 3, cmov, cx8, fxsr, mmx, sse, sse2, sse3, ssse3, sse4.1, sse4.2, popcnt, avx, avx2, aes, clmul, erms, rtm, 3dnowpref, lzcnt, ht, tsc, tscinvbit, bmi1, bmi2, adx

Memory: 4k page, physical 12476168k(2694116k free), swap 12476168k(5128k free)

vm_info: OpenJDK 64-Bit Server VM (25.152-b01) for windows-amd64 JRE (1.8.0_152-release-1343-b01), built by "builder" with MS VC++ 10.0 (VS2010)

time: Wed Jun 19 12:31:06 2019
elapsed time: 1 seconds (0d 0h 0m 1s)

